<?xml version="1.0" encoding="UTF-8"?>
<testng-results ignored="0" total="0" passed="0" failed="0" skipped="0">
  <reporter-output>
  </reporter-output>
  <suite started-at="2023-08-02T20:14:18 PDT" name="Surefire suite" finished-at="2023-08-02T20:14:30 PDT" duration-ms="12191">
    <groups>
    </groups>
    <test started-at="2023-08-02T20:14:18 PDT" name="Surefire test" finished-at="2023-08-02T20:14:30 PDT" duration-ms="12191">
    </test> <!-- Surefire test -->
  </suite> <!-- Surefire suite -->
</testng-results>
