<?xml version="1.0" encoding="UTF-8"?>
<!-- Generated by org.testng.reporters.JUnitXMLReporter -->
<testsuite ignored="0" hostname="MacKavitha.local" failures="0" tests="5" name="Surefire test" time="1.474" errors="0" timestamp="2023-08-08T18:45:21 PDT">
  <testcase classname="com.SalesForce1.testcases.SFLoginTest" name="@BeforeMethod LaunchApplication" time="1.421">
    <failure type="java.lang.NoSuchMethodError" message="&amp;apos;com.google.common.collect.ImmutableMap com.google.common.collect.ImmutableMap.of(java.lang.Object, java.lang.Object, java.lang.Object, java.lang.Object, java.lang.Object, java.lang.Object, java.lang.Object, java.lang.Object, java.lang.Object, java.lang.Object, java.lang.Object, java.lang.Object)&amp;apos;">
      <![CDATA[java.lang.NoSuchMethodError: 'com.google.common.collect.ImmutableMap com.google.common.collect.ImmutableMap.of(java.lang.Object, java.lang.Object, java.lang.Object, java.lang.Object, java.lang.Object, java.lang.Object, java.lang.Object, java.lang.Object, java.lang.Object, java.lang.Object, java.lang.Object, java.lang.Object)'
at org.openqa.selenium.chrome.AddHasCasting.getAdditionalCommands(AddHasCasting.java:38)
at org.openqa.selenium.chrome.ChromeDriver$ChromeDriverCommandExecutor.getExtraCommands(ChromeDriver.java:116)
at org.openqa.selenium.chrome.ChromeDriver$ChromeDriverCommandExecutor.<init>(ChromeDriver.java:111)
at org.openqa.selenium.chrome.ChromeDriver.generateExecutor(ChromeDriver.java:101)
at org.openqa.selenium.chrome.ChromeDriver.<init>(ChromeDriver.java:88)
at org.openqa.selenium.chrome.ChromeDriver.<init>(ChromeDriver.java:84)
at org.openqa.selenium.chrome.ChromeDriver.<init>(ChromeDriver.java:52)
at com.SalesForce1.testcases.SFLoginTest.LaunchApplication(SFLoginTest.java:25)
at java.base/java.util.ArrayList.forEach(ArrayList.java:1511)
... Removed 36 stack frames]]>
    </failure>
  </testcase> <!-- @BeforeMethod LaunchApplication -->
  <testcase classname="com.SalesForce1.testcases.SFLoginTest" name="@BeforeMethod LaunchApplication" time="-1.691545521547E9">
    <skipped/>
  </testcase> <!-- @BeforeMethod LaunchApplication -->
  <testcase classname="com.SalesForce1.testcases.SFLoginTest" name="@BeforeMethod LaunchApplication" time="-1.691545521547E9">
    <skipped/>
  </testcase> <!-- @BeforeMethod LaunchApplication -->
  <testcase classname="com.SalesForce1.testcases.SFLoginTest" name="@BeforeMethod LaunchApplication" time="-1.691545521548E9">
    <skipped/>
  </testcase> <!-- @BeforeMethod LaunchApplication -->
  <testcase classname="com.SalesForce1.testcases.SFLoginTest" name="@BeforeMethod LaunchApplication" time="-1.691545521549E9">
    <skipped/>
  </testcase> <!-- @BeforeMethod LaunchApplication -->
  <testcase classname="com.SalesForce1.testcases.SFLoginTest" name="CheckRemeberMe" time="0.0">
    <skipped/>
  </testcase> <!-- CheckRemeberMe -->
  <testcase classname="com.SalesForce1.testcases.SFLoginTest" name="ClearPasswordLogin" time="0.0">
    <skipped/>
  </testcase> <!-- ClearPasswordLogin -->
  <testcase classname="com.SalesForce1.testcases.SFLoginTest" name="Forgotpassword" time="0.0">
    <skipped/>
  </testcase> <!-- Forgotpassword -->
  <testcase classname="com.SalesForce1.testcases.SFLoginTest" name="InvalidUsernameAndPassword" time="0.0">
    <skipped/>
  </testcase> <!-- InvalidUsernameAndPassword -->
  <testcase classname="com.SalesForce1.testcases.SFLoginTest" name="LoginToSalesForce" time="0.0">
    <skipped/>
  </testcase> <!-- LoginToSalesForce -->
</testsuite> <!-- Surefire test -->
